#
# There is insufficient memory for the Java Runtime Environment to continue.
# Native memory allocation (malloc) failed to allocate 264000 bytes for Chunk::new
# Possible reasons:
#   The system is out of physical RAM or swap space
#   In 32 bit mode, the process size limit was hit
# Possible solutions:
#   Reduce memory load on the system
#   Increase physical memory or swap space
#   Check if swap backing store is full
#   Use 64 bit Java on a 64 bit OS
#   Decrease Java heap size (-Xmx/-Xms)
#   Decrease number of Java threads
#   Decrease Java thread stack sizes (-Xss)
#   Set larger code cache with -XX:ReservedCodeCacheSize=
# This output file may be truncated or incomplete.
#
#  Out of Memory Error (allocation.cpp:323), pid=16912, tid=15760
#
# JRE version: Java(TM) SE Runtime Environment (7.0_79-b15) (build 1.7.0_79-b15)
# Java VM: Java HotSpot(TM) 64-Bit Server VM (24.79-b02 mixed mode windows-amd64 compressed oops)
# Failed to write core dump. Minidumps are not enabled by default on client versions of Windows
#

---------------  T H R E A D  ---------------

Current thread (0x0000000003408800):  JavaThread "C2 CompilerThread1" daemon [_thread_in_native, id=15760, stack(0x000000000d4a0000,0x000000000d5a0000)]

Stack: [0x000000000d4a0000,0x000000000d5a0000]

Current CompileTask:
C2:  19539 1861   !         sound.F::\u00d800000 (527 bytes)


---------------  P R O C E S S  ---------------

Java Threads: ( => current thread )
  0x0000000016aa5000 JavaThread "pool-1-thread-10" [_thread_in_Java, id=9136, stack(0x000000001c1f0000,0x000000001c3f0000)]
  0x0000000016c0d000 JavaThread "pool-1-thread-9" [_thread_in_Java, id=14184, stack(0x0000000028f80000,0x0000000029180000)]
  0x000000001b211800 JavaThread "Thread-8" [_thread_in_Java, id=3280, stack(0x0000000014ea0000,0x00000000150a0000)]
  0x000000000ccb0800 JavaThread "Thread-6" [_thread_blocked, id=6960, stack(0x0000000019270000,0x0000000019470000)]
  0x000000000e077800 JavaThread "Thread-4" daemon [_thread_blocked, id=5172, stack(0x000000000f010000,0x000000000f210000)]
  0x000000000dc81800 JavaThread "Thread-3" [_thread_in_native, id=12872, stack(0x0000000015690000,0x0000000015890000)]
  0x0000000003310800 JavaThread "DestroyJavaVM" [_thread_blocked, id=14928, stack(0x0000000003110000,0x0000000003310000)]
  0x000000000dcc3800 JavaThread "AWT-Windows" daemon [_thread_in_native, id=14364, stack(0x000000000e7f0000,0x000000000e9f0000)]
  0x000000000dcb2000 JavaThread "Java2D Disposer" daemon [_thread_blocked, id=6516, stack(0x000000000e3f0000,0x000000000e5f0000)]
  0x000000000340e000 JavaThread "Service Thread" daemon [_thread_blocked, id=14596, stack(0x000000000d5a0000,0x000000000d7a0000)]
=>0x0000000003408800 JavaThread "C2 CompilerThread1" daemon [_thread_in_native, id=15760, stack(0x000000000d4a0000,0x000000000d5a0000)]
  0x0000000003406000 JavaThread "C2 CompilerThread0" daemon [_thread_blocked, id=6760, stack(0x000000000d3a0000,0x000000000d4a0000)]
  0x0000000003405000 JavaThread "Attach Listener" daemon [_thread_blocked, id=11904, stack(0x000000000d1a0000,0x000000000d3a0000)]
  0x0000000003400800 JavaThread "Signal Dispatcher" daemon [_thread_blocked, id=13252, stack(0x000000000cfa0000,0x000000000d1a0000)]
  0x000000000a9b0800 JavaThread "Finalizer" daemon [_thread_blocked, id=6340, stack(0x000000000c9a0000,0x000000000cba0000)]
  0x000000000a9aa000 JavaThread "Reference Handler" daemon [_thread_blocked, id=4300, stack(0x000000000c7a0000,0x000000000c9a0000)]

Other Threads:
  0x000000000a9a5000 VMThread [stack: 0x000000000c6a0000,0x000000000c7a0000] [id=1852]
  0x000000000cbe0000 WatcherThread [stack: 0x000000000d7a0000,0x000000000d8a0000] [id=14644]

VM state:not at safepoint (normal execution)

VM Mutex/Monitor currently owned by a thread: None

Heap
 PSYoungGen      total 468480K, used 278901K [0x00000000e0000000, 0x0000000100000000, 0x0000000100000000)
  eden space 434176K, 56% used [0x00000000e0000000,0x00000000eef22a28,0x00000000fa800000)
  from space 34304K, 99% used [0x00000000fa800000,0x00000000fc93aa00,0x00000000fc980000)
  to   space 48128K, 0% used [0x00000000fd100000,0x00000000fd100000,0x0000000100000000)
 ParOldGen       total 1048576K, used 132863K [0x00000000a0000000, 0x00000000e0000000, 0x00000000e0000000)
  object space 1048576K, 12% used [0x00000000a0000000,0x00000000a81bfc08,0x00000000e0000000)
 PSPermGen       total 31232K, used 30911K [0x000000009ae00000, 0x000000009cc80000, 0x00000000a0000000)
  object space 31232K, 98% used [0x000000009ae00000,0x000000009cc2fc58,0x000000009cc80000)

Card table byte_map: [0x00000000064d0000,0x0000000006800000] byte_map_base: 0x0000000005ff9000

Polling page: 0x0000000001820000

Code Cache  [0x0000000003410000, 0x0000000003a30000, 0x0000000006410000)
 total_blobs=2377 nmethods=1733 adapters=595 free_code_cache=43015Kb largest_free_block=43947904

Compilation events (10 events):
Event: 19.297 Thread 0x0000000003406000 nmethod 1856 0x00000000036730d0 code [0x0000000003673220, 0x00000000036734d8]
Event: 19.309 Thread 0x0000000003408800 1857             javax.imageio.stream.ImageInputStreamImpl::seek (34 bytes)
Event: 19.309 Thread 0x0000000003408800 nmethod 1857 0x0000000003a23410 code [0x0000000003a23540, 0x0000000003a235d8]
Event: 19.321 Thread 0x0000000003406000 1858             java.awt.image.ComponentSampleModel::<init> (165 bytes)
Event: 19.324 Thread 0x0000000003406000 nmethod 1858 0x0000000003674d90 code [0x0000000003674ee0, 0x00000000036752d8]
Event: 19.329 Thread 0x0000000003408800 1859   !         java.util.concurrent.ConcurrentHashMap$Segment::put (237 bytes)
Event: 19.335 Thread 0x0000000003408800 nmethod 1859 0x00000000039df410 code [0x00000000039df5a0, 0x00000000039dfc50]
Event: 19.427 Thread 0x0000000003406000 1860             java.util.AbstractCollection::isEmpty (13 bytes)
Event: 19.428 Thread 0x0000000003406000 nmethod 1860 0x0000000003a231d0 code [0x0000000003a23300, 0x0000000003a23378]
Event: 19.446 Thread 0x0000000003408800 1861   !         sound.F::\u00d800000 (527 bytes)

GC Heap History (10 events):
Event: 15.876 GC heap before
{Heap before GC invocations=21 (full 0):
 PSYoungGen      total 484352K, used 484348K [0x00000000e0000000, 0x0000000100000000, 0x0000000100000000)
  eden space 456704K, 100% used [0x00000000e0000000,0x00000000fbe00000,0x00000000fbe00000)
  from space 27648K, 99% used [0x00000000fe500000,0x00000000fffff3d0,0x0000000100000000)
  to   space 33792K, 0% used [0x00000000fbe00000,0x00000000fbe00000,0x00000000fdf00000)
 ParOldGen       total 1048576K, used 71928K [0x00000000a0000000, 0x00000000e0000000, 0x00000000e0000000)
  object space 1048576K, 6% used [0x00000000a0000000,0x00000000a463e3a0,0x00000000e0000000)
 PSPermGen       total 31232K, used 30833K [0x000000009ae00000, 0x000000009cc80000, 0x00000000a0000000)
  object space 31232K, 98% used [0x000000009ae00000,0x000000009cc1c428,0x000000009cc80000)
Event: 15.890 GC heap after
Heap after GC invocations=21 (full 0):
 PSYoungGen      total 490496K, used 33786K [0x00000000e0000000, 0x0000000100000000, 0x0000000100000000)
  eden space 456704K, 0% used [0x00000000e0000000,0x00000000e0000000,0x00000000fbe00000)
  from space 33792K, 99% used [0x00000000fbe00000,0x00000000fdefe858,0x00000000fdf00000)
  to   space 33792K, 0% used [0x00000000fdf00000,0x00000000fdf00000,0x0000000100000000)
 ParOldGen       total 1048576K, used 94752K [0x00000000a0000000, 0x00000000e0000000, 0x00000000e0000000)
  object space 1048576K, 9% used [0x00000000a0000000,0x00000000a5c881f0,0x00000000e0000000)
 PSPermGen       total 31232K, used 30833K [0x000000009ae00000, 0x000000009cc80000, 0x00000000a0000000)
  object space 31232K, 98% used [0x000000009ae00000,0x000000009cc1c428,0x000000009cc80000)
}
Event: 16.837 GC heap before
{Heap before GC invocations=22 (full 0):
 PSYoungGen      total 490496K, used 490490K [0x00000000e0000000, 0x0000000100000000, 0x0000000100000000)
  eden space 456704K, 100% used [0x00000000e0000000,0x00000000fbe00000,0x00000000fbe00000)
  from space 33792K, 99% used [0x00000000fbe00000,0x00000000fdefe858,0x00000000fdf00000)
  to   space 33792K, 0% used [0x00000000fdf00000,0x00000000fdf00000,0x0000000100000000)
 ParOldGen       total 1048576K, used 95688K [0x00000000a0000000, 0x00000000e0000000, 0x00000000e0000000)
  object space 1048576K, 9% used [0x00000000a0000000,0x00000000a5d72380,0x00000000e0000000)
 PSPermGen       total 31232K, used 30846K [0x000000009ae00000, 0x000000009cc80000, 0x00000000a0000000)
  object space 31232K, 98% used [0x000000009ae00000,0x000000009cc1f878,0x000000009cc80000)
Event: 16.845 GC heap after
Heap after GC invocations=22 (full 0):
 PSYoungGen      total 463872K, used 6621K [0x00000000e0000000, 0x0000000100000000, 0x0000000100000000)
  eden space 430080K, 0% used [0x00000000e0000000,0x00000000e0000000,0x00000000fa400000)
  from space 33792K, 19% used [0x00000000fdf00000,0x00000000fe577640,0x0000000100000000)
  to   space 47104K, 0% used [0x00000000fa400000,0x00000000fa400000,0x00000000fd200000)
 ParOldGen       total 1048576K, used 127279K [0x00000000a0000000, 0x00000000e0000000, 0x00000000e0000000)
  object space 1048576K, 12% used [0x00000000a0000000,0x00000000a7c4bdc0,0x00000000e0000000)
 PSPermGen       total 31232K, used 30846K [0x000000009ae00000, 0x000000009cc80000, 0x00000000a0000000)
  object space 31232K, 98% used [0x000000009ae00000,0x000000009cc1f878,0x000000009cc80000)
}
Event: 17.708 GC heap before
{Heap before GC invocations=23 (full 0):
 PSYoungGen      total 463872K, used 436701K [0x00000000e0000000, 0x0000000100000000, 0x0000000100000000)
  eden space 430080K, 100% used [0x00000000e0000000,0x00000000fa400000,0x00000000fa400000)
  from space 33792K, 19% used [0x00000000fdf00000,0x00000000fe577640,0x0000000100000000)
  to   space 47104K, 0% used [0x00000000fa400000,0x00000000fa400000,0x00000000fd200000)
 ParOldGen       total 1048576K, used 127280K [0x00000000a0000000, 0x00000000e0000000, 0x00000000e0000000)
  object space 1048576K, 12% used [0x00000000a0000000,0x00000000a7c4c1d0,0x00000000e0000000)
 PSPermGen       total 31232K, used 30847K [0x000000009ae00000, 0x000000009cc80000, 0x00000000a0000000)
  object space 31232K, 98% used [0x000000009ae00000,0x000000009cc1fd20,0x000000009cc80000)
Event: 17.710 GC heap after
Heap after GC invocations=23 (full 0):
 PSYoungGen      total 477184K, used 5059K [0x00000000e0000000, 0x0000000100000000, 0x0000000100000000)
  eden space 430080K, 0% used [0x00000000e0000000,0x00000000e0000000,0x00000000fa400000)
  from space 47104K, 10% used [0x00000000fa400000,0x00000000fa8f0ee0,0x00000000fd200000)
  to   space 46080K, 0% used [0x00000000fd300000,0x00000000fd300000,0x0000000100000000)
 ParOldGen       total 1048576K, used 127418K [0x00000000a0000000, 0x00000000e0000000, 0x00000000e0000000)
  object space 1048576K, 12% used [0x00000000a0000000,0x00000000a7c6e9b0,0x00000000e0000000)
 PSPermGen       total 31232K, used 30847K [0x000000009ae00000, 0x000000009cc80000, 0x00000000a0000000)
  object space 31232K, 98% used [0x000000009ae00000,0x000000009cc1fd20,0x000000009cc80000)
}
Event: 18.443 GC heap before
{Heap before GC invocations=24 (full 0):
 PSYoungGen      total 477184K, used 435139K [0x00000000e0000000, 0x0000000100000000, 0x0000000100000000)
  eden space 430080K, 100% used [0x00000000e0000000,0x00000000fa400000,0x00000000fa400000)
  from space 47104K, 10% used [0x00000000fa400000,0x00000000fa8f0ee0,0x00000000fd200000)
  to   space 46080K, 0% used [0x00000000fd300000,0x00000000fd300000,0x0000000100000000)
 ParOldGen       total 1048576K, used 127508K [0x00000000a0000000, 0x00000000e0000000, 0x00000000e0000000)
  object space 1048576K, 12% used [0x00000000a0000000,0x00000000a7c85098,0x00000000e0000000)
 PSPermGen       total 31232K, used 30851K [0x000000009ae00000, 0x000000009cc80000, 0x00000000a0000000)
  object space 31232K, 98% used [0x000000009ae00000,0x000000009cc20e80,0x000000009cc80000)
Event: 18.445 GC heap after
Heap after GC invocations=24 (full 0):
 PSYoungGen      total 480256K, used 9473K [0x00000000e0000000, 0x0000000100000000, 0x0000000100000000)
  eden space 434176K, 0% used [0x00000000e0000000,0x00000000e0000000,0x00000000fa800000)
  from space 46080K, 20% used [0x00000000fd300000,0x00000000fdc40568,0x0000000100000000)
  to   space 44032K, 0% used [0x00000000fa800000,0x00000000fa800000,0x00000000fd300000)
 ParOldGen       total 1048576K, used 127584K [0x00000000a0000000, 0x00000000e0000000, 0x00000000e0000000)
  object space 1048576K, 12% used [0x00000000a0000000,0x00000000a7c980a8,0x00000000e0000000)
 PSPermGen       total 31232K, used 30851K [0x000000009ae00000, 0x000000009cc80000, 0x00000000a0000000)
  object space 31232K, 98% used [0x000000009ae00000,0x000000009cc20e80,0x000000009cc80000)
}
Event: 19.205 GC heap before
{Heap before GC invocations=25 (full 0):
 PSYoungGen      total 480256K, used 443649K [0x00000000e0000000, 0x0000000100000000, 0x0000000100000000)
  eden space 434176K, 100% used [0x00000000e0000000,0x00000000fa800000,0x00000000fa800000)
  from space 46080K, 20% used [0x00000000fd300000,0x00000000fdc40568,0x0000000100000000)
  to   space 44032K, 0% used [0x00000000fa800000,0x00000000fa800000,0x00000000fd300000)
 ParOldGen       total 1048576K, used 132663K [0x00000000a0000000, 0x00000000e0000000, 0x00000000e0000000)
  object space 1048576K, 12% used [0x00000000a0000000,0x00000000a818df30,0x00000000e0000000)
 PSPermGen       total 31232K, used 30897K [0x000000009ae00000, 0x000000009cc80000, 0x00000000a0000000)
  object space 31232K, 98% used [0x000000009ae00000,0x000000009cc2c5d0,0x000000009cc80000)
Event: 19.210 GC heap after
Heap after GC invocations=25 (full 0):
 PSYoungGen      total 468480K, used 34026K [0x00000000e0000000, 0x0000000100000000, 0x0000000100000000)
  eden space 434176K, 0% used [0x00000000e0000000,0x00000000e0000000,0x00000000fa800000)
  from space 34304K, 99% used [0x00000000fa800000,0x00000000fc93aa00,0x00000000fc980000)
  to   space 48128K, 0% used [0x00000000fd100000,0x00000000fd100000,0x0000000100000000)
 ParOldGen       total 1048576K, used 132863K [0x00000000a0000000, 0x00000000e0000000, 0x00000000e0000000)
  object space 1048576K, 12% used [0x00000000a0000000,0x00000000a81bfc08,0x00000000e0000000)
 PSPermGen       total 31232K, used 30897K [0x000000009ae00000, 0x000000009cc80000, 0x00000000a0000000)
  object space 31232K, 98% used [0x000000009ae00000,0x000000009cc2c5d0,0x000000009cc80000)
}

Deoptimization events (10 events):
Event: 15.774 Thread 0x000000000dc81800 Uncommon trap: reason=class_check action=maybe_recompile pc=0x0000000003709ed0 method=java.awt.image.Raster.getPixel(II[I)[I @ 21
Event: 15.774 Thread 0x000000000dc81800 Uncommon trap: reason=class_check action=maybe_recompile pc=0x0000000003709ed0 method=java.awt.image.Raster.getPixel(II[I)[I @ 21
Event: 15.774 Thread 0x000000000dc81800 Uncommon trap: reason=class_check action=maybe_recompile pc=0x0000000003709ed0 method=java.awt.image.Raster.getPixel(II[I)[I @ 21
Event: 15.774 Thread 0x000000000dc81800 Uncommon trap: reason=class_check action=maybe_recompile pc=0x0000000003709ed0 method=java.awt.image.Raster.getPixel(II[I)[I @ 21
Event: 17.502 Thread 0x0000000017005800 Uncommon trap: reason=unreached action=reinterpret pc=0x0000000003713cd0 method=java.util.concurrent.locks.AbstractQueuedSynchronizer.release(I)Z @ 14
Event: 17.512 Thread 0x0000000016aa5000 Uncommon trap: reason=unreached action=reinterpret pc=0x000000000398dfcc method=java.util.concurrent.locks.AbstractQueuedSynchronizer.release(I)Z @ 14
Event: 19.063 Thread 0x000000001b211800 Uncommon trap: reason=class_check action=maybe_recompile pc=0x000000000370c758 method=java.awt.image.WritableRaster.setPixel(II[I)V @ 21
Event: 19.063 Thread 0x000000001b211800 Uncommon trap: reason=class_check action=maybe_recompile pc=0x000000000370c758 method=java.awt.image.WritableRaster.setPixel(II[I)V @ 21
Event: 19.063 Thread 0x000000001b211800 Uncommon trap: reason=class_check action=maybe_recompile pc=0x000000000370c758 method=java.awt.image.WritableRaster.setPixel(II[I)V @ 21
Event: 19.063 Thread 0x000000001b211800 Uncommon trap: reason=class_check action=maybe_recompile pc=0x000000000370c758 method=java.awt.image.WritableRaster.setPixel(II[I)V @ 21

Internal exceptions (10 events):
Event: 15.268 Thread 0x0000000017005800 Threw 0x00000000e06c6fd0 at C:\re\jdk7u79\2331\hotspot\src\share\vm\prims\jvm.cpp:1304
Event: 15.713 Thread 0x0000000016aa5000 Threw 0x00000000f6ec3090 at C:\re\jdk7u79\2331\hotspot\src\share\vm\prims\jvm.cpp:1304
Event: 15.714 Thread 0x0000000016aa5000 Implicit null exception at 0x00000000036738ac to 0x000000000367489d
Event: 15.748 Thread 0x000000000dc81800 Threw 0x00000000f5eafc18 at C:\re\jdk7u79\2331\hotspot\src\share\vm\prims\jvm.cpp:1304
Event: 18.939 Thread 0x000000000dc81800 Threw 0x00000000efd391d8 at C:\re\jdk7u79\2331\hotspot\src\share\vm\prims\unsafe.cpp:586
Event: 18.939 Thread 0x000000000dc81800 Threw 0x00000000efd399b0 at C:\re\jdk7u79\2331\hotspot\src\share\vm\prims\jvm.cpp:1304
Event: 19.130 Thread 0x0000000017005800 Threw 0x00000000f7e81160 at C:\re\jdk7u79\2331\hotspot\src\share\vm\prims\unsafe.cpp:586
Event: 19.183 Thread 0x0000000016aa5000 Threw 0x00000000f81137d8 at C:\re\jdk7u79\2331\hotspot\src\share\vm\prims\unsafe.cpp:586
Event: 19.487 Thread 0x0000000017005800 Threw 0x00000000ec681140 at C:\re\jdk7u79\2331\hotspot\src\share\vm\prims\unsafe.cpp:586
Event: 19.495 Thread 0x000000001b51d800 Threw 0x00000000ece68488 at C:\re\jdk7u79\2331\hotspot\src\share\vm\prims\unsafe.cpp:586

Events (10 events):
Event: 19.215 Executing VM operation: BulkRevokeBias done
Event: 19.297 Thread 0x0000000003406000 flushing nmethod 0x00000000039dad50
Event: 19.488 Thread 0x000000001b51d800 Thread added: 0x000000001b51d800
Event: 19.488 Executing VM operation: RevokeBias
Event: 19.488 Executing VM operation: RevokeBias done
Event: 19.488 Thread 0x0000000017005800 Thread exited: 0x0000000017005800
Event: 19.495 Thread 0x0000000016aa5000 Thread added: 0x0000000016aa5000
Event: 19.495 Executing VM operation: RevokeBias
Event: 19.495 Executing VM operation: RevokeBias done
Event: 19.495 Thread 0x000000001b51d800 Thread exited: 0x000000001b51d800


Dynamic libraries:
0x00007ff74cd10000 - 0x00007ff74cd43000 	D:\Maya\Starsector\jre\bin\java.exe
0x00007ff8a7580000 - 0x00007ff8a7787000 	C:\WINDOWS\SYSTEM32\ntdll.dll
0x00007ff8a6020000 - 0x00007ff8a60dd000 	C:\WINDOWS\System32\KERNEL32.DLL
0x00007ff8a4f00000 - 0x00007ff8a5274000 	C:\WINDOWS\System32\KERNELBASE.dll
0x00007ff8a56c0000 - 0x00007ff8a576e000 	C:\WINDOWS\System32\ADVAPI32.dll
0x00007ff8a70f0000 - 0x00007ff8a7193000 	C:\WINDOWS\System32\msvcrt.dll
0x00007ff8a5990000 - 0x00007ff8a5a2e000 	C:\WINDOWS\System32\sechost.dll
0x00007ff8a5870000 - 0x00007ff8a5990000 	C:\WINDOWS\System32\RPCRT4.dll
0x00007ff8a5420000 - 0x00007ff8a55cc000 	C:\WINDOWS\System32\USER32.dll
0x00007ff8a4a70000 - 0x00007ff8a4a96000 	C:\WINDOWS\System32\win32u.dll
0x00007ff8a6e30000 - 0x00007ff8a6e59000 	C:\WINDOWS\System32\GDI32.dll
0x00007ff8a5300000 - 0x00007ff8a5412000 	C:\WINDOWS\System32\gdi32full.dll
0x00007ff8a4b10000 - 0x00007ff8a4bad000 	C:\WINDOWS\System32\msvcp_win.dll
0x00007ff8a4bb0000 - 0x00007ff8a4cc1000 	C:\WINDOWS\System32\ucrtbase.dll
0x00007ff883510000 - 0x00007ff8837b5000 	C:\WINDOWS\WinSxS\amd64_microsoft.windows.common-controls_6595b64144ccf1df_6.0.22000.120_none_9d947278b86cc467\COMCTL32.dll
0x00007ff8a73e0000 - 0x00007ff8a7411000 	C:\WINDOWS\System32\IMM32.DLL
0x00000000764f0000 - 0x00000000765c2000 	D:\Maya\Starsector\jre\bin\msvcr100.dll
0x0000000075d10000 - 0x00000000764e5000 	D:\Maya\Starsector\jre\bin\server\jvm.dll
0x00007ff8a5780000 - 0x00007ff8a5788000 	C:\WINDOWS\System32\PSAPI.DLL
0x00007ff89eb30000 - 0x00007ff89eb63000 	C:\WINDOWS\SYSTEM32\WINMM.dll
0x00007ff89dc10000 - 0x00007ff89dc19000 	C:\WINDOWS\SYSTEM32\WSOCK32.dll
0x00007ff8a5a30000 - 0x00007ff8a5a9f000 	C:\WINDOWS\System32\WS2_32.dll
0x0000000077660000 - 0x000000007766f000 	D:\Maya\Starsector\jre\bin\verify.dll
0x0000000077630000 - 0x0000000077658000 	D:\Maya\Starsector\jre\bin\java.dll
0x0000000077610000 - 0x0000000077625000 	D:\Maya\Starsector\jre\bin\zip.dll
0x0000000075b70000 - 0x0000000075d05000 	D:\Maya\Starsector\jre\bin\awt.dll
0x00007ff8a5790000 - 0x00007ff8a5866000 	C:\WINDOWS\System32\OLEAUT32.dll
0x00007ff8a6ab0000 - 0x00007ff8a6e28000 	C:\WINDOWS\System32\combase.dll
0x00007ff89e790000 - 0x00007ff89e821000 	C:\WINDOWS\SYSTEM32\apphelp.dll
0x0000000180000000 - 0x0000000180053000 	D:\Maya\Starsector\starsector-core\native\windows\lwjgl64.dll
0x00007ff893bb0000 - 0x00007ff893bba000 	C:\WINDOWS\SYSTEM32\VERSION.dll
0x00007ff872020000 - 0x00007ff872121000 	C:\WINDOWS\SYSTEM32\OPENGL32.dll
0x00007ff88ee60000 - 0x00007ff88ee8d000 	C:\WINDOWS\SYSTEM32\GLU32.dll
0x00007ff8a1f10000 - 0x00007ff8a1f48000 	C:\WINDOWS\SYSTEM32\dxcore.dll
0x00007ff89a0b0000 - 0x00007ff89a169000 	C:\WINDOWS\SYSTEM32\mscms.dll
0x00007ff8a4450000 - 0x00007ff8a4477000 	C:\WINDOWS\SYSTEM32\bcrypt.dll
0x00007ff8a4770000 - 0x00007ff8a47bc000 	C:\WINDOWS\SYSTEM32\cfgmgr32.dll
0x00007ff8a3c60000 - 0x00007ff8a3c78000 	C:\WINDOWS\SYSTEM32\kernel.appcore.dll
0x00007ff8a5280000 - 0x00007ff8a52ff000 	C:\WINDOWS\System32\bcryptPrimitives.dll
0x00007ff8a6ed0000 - 0x00007ff8a6f7f000 	C:\WINDOWS\System32\clbcatq.dll
0x00007ff893990000 - 0x00007ff8939da000 	C:\Windows\System32\Windows.Internal.Graphics.Display.DisplayColorManagement.dll
0x00007ff8a5aa0000 - 0x00007ff8a5b8a000 	C:\WINDOWS\System32\shcore.dll
0x00007ff89e870000 - 0x00007ff89e91c000 	C:\WINDOWS\system32\uxtheme.dll
0x00007ff858e80000 - 0x00007ff858f7c000 	C:\ProgramData\A-Volute\DellInc.AlienwareSoundCenter\Modules\ScheduledModules\x64\DellInc.AlienwareSoundCenterDevProps2.dll
0x00007ff8a60e0000 - 0x00007ff8a627a000 	C:\WINDOWS\System32\ole32.dll
0x00007ff8a55d0000 - 0x00007ff8a562d000 	C:\WINDOWS\System32\SHLWAPI.dll
0x00007ff8a6280000 - 0x00007ff8a6a2e000 	C:\WINDOWS\System32\SHELL32.dll
0x00007ff859960000 - 0x00007ff859a0d000 	C:\ProgramData\A-Volute\DellInc.AlienwareSoundCenter\Modules\ScheduledModules\x64\NahimicOSD.dll
0x00007ff881bf0000 - 0x00007ff881c11000 	C:\ProgramData\A-Volute\DellInc.AlienwareSoundCenter\Modules\ScheduledModules\x64\ProductInfo.dll
0x00007ff8a7420000 - 0x00007ff8a753e000 	C:\WINDOWS\System32\MSCTF.dll
0x00007ff89cc00000 - 0x00007ff89cc44000 	C:\WINDOWS\SYSTEM32\directxdatabasehelper.dll
0x00007ff8a2440000 - 0x00007ff8a2474000 	C:\WINDOWS\SYSTEM32\ntmarta.dll
0x00007ff899000000 - 0x00007ff899133000 	C:\Windows\System32\AppXDeploymentClient.dll
0x00007ff898d90000 - 0x00007ff898f7e000 	C:\WINDOWS\SYSTEM32\urlmon.dll
0x00007ff898ad0000 - 0x00007ff898d82000 	C:\Windows\System32\iertutil.dll
0x00007ff8988d0000 - 0x00007ff8988f8000 	C:\Windows\System32\srvcli.dll
0x00007ff8a38a0000 - 0x00007ff8a38ac000 	C:\Windows\System32\netutils.dll
0x00007ff851960000 - 0x00007ff852924000 	C:\WINDOWS\System32\DriverStore\FileRepository\iigd_dch.inf_amd64_4de65d949492707a\ig9icd64.dll
0x00007ff8a2410000 - 0x00007ff8a243f000 	C:\WINDOWS\system32\dwmapi.dll
0x00007ff89e9e0000 - 0x00007ff89ead3000 	C:\WINDOWS\system32\dxgi.dll
0x00007ff86e840000 - 0x00007ff86ec7c000 	C:\WINDOWS\System32\DriverStore\FileRepository\iigd_dch.inf_amd64_4de65d949492707a\igdml64.dll
0x00007ff896cb0000 - 0x00007ff896fe6000 	C:\WINDOWS\System32\DriverStore\FileRepository\iigd_dch.inf_amd64_4de65d949492707a\igdgmm64.dll
0x00007ff88e170000 - 0x00007ff88e29d000 	C:\WINDOWS\SYSTEM32\textinputframework.dll
0x00007ff89e4a0000 - 0x00007ff89e5d2000 	C:\WINDOWS\SYSTEM32\CoreMessaging.dll
0x00007ff89bb50000 - 0x00007ff89bebd000 	C:\WINDOWS\SYSTEM32\CoreUIComponents.dll
0x00007ff8a2a80000 - 0x00007ff8a2be6000 	C:\WINDOWS\SYSTEM32\wintypes.dll
0x00007ff8a42f0000 - 0x00007ff8a42fc000 	C:\WINDOWS\SYSTEM32\CRYPTBASE.DLL
0x00007ff883da0000 - 0x00007ff883de4000 	C:\WINDOWS\SYSTEM32\icm32.dll
0x00007ff893f10000 - 0x00007ff896c9f000 	C:\WINDOWS\System32\DriverStore\FileRepository\iigd_dch.inf_amd64_4de65d949492707a\igc64.dll
0x00007ff8a3470000 - 0x00007ff8a34bd000 	C:\WINDOWS\SYSTEM32\powrprof.dll
0x00007ff8a3560000 - 0x00007ff8a3573000 	C:\WINDOWS\SYSTEM32\UMPDC.dll
0x00007ff88a2a0000 - 0x00007ff88a446000 	C:\WINDOWS\SYSTEM32\d3d9.dll
0x00000000775e0000 - 0x0000000077610000 	D:\Maya\Starsector\jre\bin\jpeg.dll
0x00000000775d0000 - 0x00000000775db000 	D:\Maya\Starsector\jre\bin\management.dll
0x00000000150a0000 - 0x0000000015104000 	D:\Maya\Starsector\starsector-core\native\windows\OpenAL64.dll
0x00007ff8a2bf0000 - 0x00007ff8a3457000 	C:\WINDOWS\SYSTEM32\windows.storage.dll
0x00007ff893020000 - 0x00007ff8930bc000 	C:\WINDOWS\System32\MMDevApi.dll
0x00007ff8a4740000 - 0x00007ff8a476c000 	C:\WINDOWS\System32\DEVOBJ.dll
0x00007ff88f580000 - 0x00007ff88f755000 	C:\WINDOWS\SYSTEM32\AudioSes.dll
0x00007ff89d200000 - 0x00007ff89d2f7000 	C:\WINDOWS\SYSTEM32\PropSys.dll
0x00007ff82d360000 - 0x00007ff82d402000 	C:\WINDOWS\SYSTEM32\dsound.dll
0x00007ff82d2a0000 - 0x00007ff82d351000 	C:\WINDOWS\SYSTEM32\ResampleDmo.DLL
0x00007ff88fdc0000 - 0x00007ff88fde9000 	C:\WINDOWS\SYSTEM32\winmmbase.dll
0x00007ff892910000 - 0x00007ff89291b000 	C:\WINDOWS\SYSTEM32\msdmo.dll
0x00007ff8a2480000 - 0x00007ff8a2495000 	C:\WINDOWS\SYSTEM32\resourcepolicyclient.dll
0x00007ff8a42d0000 - 0x00007ff8a42e8000 	C:\WINDOWS\SYSTEM32\CRYPTSP.dll
0x00007ff8a3bc0000 - 0x00007ff8a3bf5000 	C:\WINDOWS\system32\rsaenh.dll
0x00007ff8a4180000 - 0x00007ff8a41a9000 	C:\WINDOWS\SYSTEM32\USERENV.dll
0x00007ff8a49a0000 - 0x00007ff8a49c1000 	C:\WINDOWS\SYSTEM32\profapi.dll
0x00000000775b0000 - 0x00000000775ca000 	D:\Maya\Starsector\jre\bin\net.dll
0x00007ff8a4090000 - 0x00007ff8a40f7000 	C:\WINDOWS\system32\mswsock.dll
0x00007ff8a3710000 - 0x00007ff8a373d000 	C:\WINDOWS\SYSTEM32\IPHLPAPI.DLL
0x00007ff8a6e60000 - 0x00007ff8a6e69000 	C:\WINDOWS\System32\NSI.dll
0x00007ff8991a0000 - 0x00007ff8991b9000 	C:\WINDOWS\SYSTEM32\dhcpcsvc6.DLL
0x00007ff899b80000 - 0x00007ff899b9e000 	C:\WINDOWS\SYSTEM32\dhcpcsvc.DLL
0x00007ff8a3740000 - 0x00007ff8a3827000 	C:\WINDOWS\SYSTEM32\DNSAPI.dll
0x0000000075b50000 - 0x0000000075b61000 	D:\Maya\Starsector\jre\bin\nio.dll
0x0000000075b10000 - 0x0000000075b4a000 	D:\Maya\Starsector\jre\bin\kcms.dll

VM Arguments:
jvm_args: -XX:CompilerThreadPriority=1 -XX:+CompilerThreadHintNoPreempt -Djava.library.path=native\\windows -Xms1536m -Xmx1536m -Xss2048k -Dcom.fs.starfarer.settings.paths.saves=..\\saves -Dcom.fs.starfarer.settings.paths.screenshots=..\\screenshots -Dcom.fs.starfarer.settings.paths.mods=..\\mods -Dcom.fs.starfarer.settings.paths.logs=. 
java_command: com.fs.starfarer.StarfarerLauncher
Launcher Type: SUN_STANDARD

Environment Variables:
PATH=
[error occurred during error reporting (printing environment variables), id 0xc0000005]



---------------  S Y S T E M  ---------------

OS: Windows 8.1 , 64 bit Build 9600 

CPU:total 8 (4 cores per cpu, 2 threads per core) family 6 model 165 stepping 2, cmov, cx8, fxsr, mmx, sse, sse2, sse3, ssse3, sse4.1, sse4.2, popcnt, avx, avx2, aes, erms, ht, tsc, tscinvbit

Memory: 4k page, physical 12371652k(1011180k free), swap 40696896k(4240k free)

vm_info: Java HotSpot(TM) 64-Bit Server VM (24.79-b02) for windows-amd64 JRE (1.7.0_79-b15), built on Apr 10 2015 12:36:16 by "java_re" with unknown MS VC++:1600

time: Fri Jan 28 15:45:12 2022
elapsed time: 19 seconds

